<?xml version="1.0" encoding="UTF-8"?>
<testsuite xmlns:xsi="http://www.w3.org/2001/XMLSchema-instance" xsi:noNamespaceSchemaLocation="https://maven.apache.org/surefire/maven-surefire-plugin/xsd/surefire-test-report.xsd" version="3.0.2" name="com.catalina.taskmanager.MailServiceTest" time="1.386" tests="2" errors="0" skipped="0" failures="0">
  <properties>
[...]
</properties>
  <testcase name="sendEmailTest" classname="com.catalina.taskmanager.MailServiceTest" time="0.05">
    <system-out><![CDATA[2025-01-28T18:06:04.568+02:00  INFO 29448 --- [taskmanager] [           main] t.c.s.AnnotationConfigContextLoaderUtils : Could not detect default configuration classes for test class [com.catalina.taskmanager.MailServiceTest]: MailServiceTest does not declare any static, non-private, non-final, nested classes annotated with @Configuration.
2025-01-28T18:06:04.571+02:00  INFO 29448 --- [taskmanager] [           main] .b.t.c.SpringBootTestContextBootstrapper : Found @SpringBootConfiguration com.catalina.taskmanager.TaskmanagerApplication for test class com.catalina.taskmanager.MailServiceTest

  .   ____          _            __ _ _
 /\\ / ___'_ __ _ _(_)_ __  __ _ \ \ \ \
( ( )\___ | '_ | '_| | '_ \/ _` | \ \ \ \
 \\/  ___)| |_)| | | | | || (_| |  ) ) ) )
  '  |____| .__|_| |_|_| |_\__, | / / / /
 =========|_|==============|___/=/_/_/_/

 :: Spring Boot ::                (v3.4.0)

2025-01-28T18:06:04.610+02:00  INFO 29448 --- [taskmanager] [           main] c.catalina.taskmanager.MailServiceTest   : Starting MailServiceTest using Java 21.0.2 with PID 29448 (started by catal in C:\Users\catal\Downloads\taskmanager\taskmanager)
2025-01-28T18:06:04.610+02:00 DEBUG 29448 --- [taskmanager] [           main] c.catalina.taskmanager.MailServiceTest   : Running with Spring Boot v3.4.0, Spring v6.2.0
2025-01-28T18:06:04.611+02:00  INFO 29448 --- [taskmanager] [           main] c.catalina.taskmanager.MailServiceTest   : The following 1 profile is active: "test"
2025-01-28T18:06:04.613+02:00 DEBUG 29448 --- [taskmanager] [           main] o.s.w.c.s.GenericWebApplicationContext   : Refreshing org.springframework.web.context.support.GenericWebApplicationContext@4907472e
2025-01-28T18:06:04.775+02:00  INFO 29448 --- [taskmanager] [           main] .s.d.r.c.RepositoryConfigurationDelegate : Bootstrapping Spring Data JPA repositories in DEFAULT mode.
2025-01-28T18:06:04.786+02:00  INFO 29448 --- [taskmanager] [           main] .s.d.r.c.RepositoryConfigurationDelegate : Finished Spring Data repository scanning in 10 ms. Found 2 JPA repository interfaces.
2025-01-28T18:06:05.176+02:00  INFO 29448 --- [taskmanager] [           main] o.hibernate.jpa.internal.util.LogHelper  : HHH000204: Processing PersistenceUnitInfo [name: default]
2025-01-28T18:06:05.181+02:00  INFO 29448 --- [taskmanager] [           main] o.h.c.internal.RegionFactoryInitiator    : HHH000026: Second-level cache disabled
2025-01-28T18:06:05.208+02:00  INFO 29448 --- [taskmanager] [           main] o.s.o.j.p.SpringPersistenceUnitInfo      : No LoadTimeWeaver setup: ignoring JPA class transformer
2025-01-28T18:06:05.209+02:00  INFO 29448 --- [taskmanager] [           main] com.zaxxer.hikari.HikariDataSource       : HikariPool-3 - Starting...
2025-01-28T18:06:05.211+02:00  INFO 29448 --- [taskmanager] [           main] com.zaxxer.hikari.pool.HikariPool        : HikariPool-3 - Added connection conn20: url=jdbc:h2:mem:testdb user=SA
2025-01-28T18:06:05.211+02:00  INFO 29448 --- [taskmanager] [           main] com.zaxxer.hikari.HikariDataSource       : HikariPool-3 - Start completed.
2025-01-28T18:06:05.212+02:00  WARN 29448 --- [taskmanager] [           main] org.hibernate.orm.deprecation            : HHH90000025: H2Dialect does not need to be specified explicitly using 'hibernate.dialect' (remove the property setting and it will be selected by default)
2025-01-28T18:06:05.213+02:00  INFO 29448 --- [taskmanager] [           main] org.hibernate.orm.connections.pooling    : HHH10001005: Database info:
	Database JDBC URL [Connecting through datasource 'HikariDataSource (HikariPool-3)']
	Database driver: undefined/unknown
	Database version: 2.3.232
	Autocommit mode: undefined/unknown
	Isolation level: undefined/unknown
	Minimum pool size: undefined/unknown
	Maximum pool size: undefined/unknown
2025-01-28T18:06:05.363+02:00  INFO 29448 --- [taskmanager] [           main] o.h.e.t.j.p.i.JtaPlatformInitiator       : HHH000489: No JTA platform available (set 'hibernate.transaction.jta.platform' to enable JTA platform integration)
Hibernate: drop table if exists task cascade 
Hibernate: drop table if exists user_entity cascade 
Hibernate: drop table if exists user_entity_roles cascade 
Hibernate: create table task (completed boolean not null, notified boolean not null, created_at timestamp(6), deadline timestamp(6), id bigint generated by default as identity, user_id bigint not null, category varchar(255), description varchar(255), time_left varchar(255), title varchar(255), primary key (id))
Hibernate: create table user_entity (enable_delete_after_check boolean not null, enable_notifications boolean not null, enable_time_priority boolean not null, verified boolean not null, code_expiration timestamp(6), first_auth timestamp(6), id bigint generated by default as identity, background_color varchar(255), email varchar(255), password varchar(255), username varchar(255), verification_code varchar(255), primary key (id))
Hibernate: create table user_entity_roles (user_entity_id bigint not null, roles varchar(255))
Hibernate: alter table if exists task add constraint FKksqmgrkmwo22csb64ri6jt1fi foreign key (user_id) references user_entity
Hibernate: alter table if exists user_entity_roles add constraint FKjvvinok3stf32dvgie3vr73s0 foreign key (user_entity_id) references user_entity
2025-01-28T18:06:05.376+02:00  INFO 29448 --- [taskmanager] [           main] j.LocalContainerEntityManagerFactoryBean : Initialized JPA EntityManagerFactory for persistence unit 'default'
2025-01-28T18:06:05.494+02:00  WARN 29448 --- [taskmanager] [           main] JpaBaseConfiguration$JpaWebConfiguration : spring.jpa.open-in-view is enabled by default. Therefore, database queries may be performed during view rendering. Explicitly configure spring.jpa.open-in-view to disable this warning
2025-01-28T18:06:05.506+02:00  INFO 29448 --- [taskmanager] [           main] r$InitializeUserDetailsManagerConfigurer : Global AuthenticationManager configured with UserDetailsService bean with name customUserDetailsService
2025-01-28T18:06:05.562+02:00 DEBUG 29448 --- [taskmanager] [           main] s.w.s.m.m.a.RequestMappingHandlerMapping : 44 mappings in 'requestMappingHandlerMapping'
2025-01-28T18:06:05.612+02:00 DEBUG 29448 --- [taskmanager] [           main] o.s.w.s.handler.SimpleUrlHandlerMapping  : Patterns [/webjars/**, /**] in 'resourceHandlerMapping'
2025-01-28T18:06:05.701+02:00 DEBUG 29448 --- [taskmanager] [           main] s.w.s.m.m.a.RequestMappingHandlerAdapter : ControllerAdvice beans: 0 @ModelAttribute, 0 @InitBinder, 1 RequestBodyAdvice, 1 ResponseBodyAdvice
2025-01-28T18:06:05.720+02:00 DEBUG 29448 --- [taskmanager] [           main] .m.m.a.ExceptionHandlerExceptionResolver : ControllerAdvice beans: 0 @ExceptionHandler, 1 ResponseBodyAdvice
2025-01-28T18:06:05.774+02:00  INFO 29448 --- [taskmanager] [           main] c.catalina.taskmanager.MailServiceTest   : Started MailServiceTest in 1.2 seconds (process running for 11.786)
Hibernate: select ue1_0.id,ue1_0.background_color,ue1_0.code_expiration,ue1_0.email,ue1_0.enable_delete_after_check,ue1_0.enable_notifications,ue1_0.enable_time_priority,ue1_0.first_auth,ue1_0.password,ue1_0.username,ue1_0.verification_code,ue1_0.verified from user_entity ue1_0 where ue1_0.username=?
Hibernate: insert into user_entity (background_color,code_expiration,email,enable_delete_after_check,enable_notifications,enable_time_priority,first_auth,password,username,verification_code,verified,id) values (?,?,?,?,?,?,?,?,?,?,?,default)
Hibernate: insert into user_entity_roles (user_entity_id,roles) values (?,?)
]]></system-out>
  </testcase>
  <testcase name="testSendVerificationCode" classname="com.catalina.taskmanager.MailServiceTest" time="0.008"/>
</testsuite>