<?xml version="1.0" encoding="UTF-8"?>
<testsuite xmlns:xsi="http://www.w3.org/2001/XMLSchema-instance" xsi:noNamespaceSchemaLocation="https://maven.apache.org/surefire/maven-surefire-plugin/xsd/surefire-test-report.xsd" version="3.0.2" name="com.catalina.taskmanager.SettingsControllerIntegrationTest" time="1.157" tests="8" errors="0" skipped="0" failures="0">
  <properties>
[...]
</properties>
  <testcase name="enableAndDisbleTimePriorityTest" classname="com.catalina.taskmanager.SettingsControllerIntegrationTest" time="0.143">
    <system-out><![CDATA[2025-01-28T18:06:06.059+02:00  INFO 29448 --- [taskmanager] [           main] t.c.s.AnnotationConfigContextLoaderUtils : Could not detect default configuration classes for test class [com.catalina.taskmanager.SettingsControllerIntegrationTest]: SettingsControllerIntegrationTest does not declare any static, non-private, non-final, nested classes annotated with @Configuration.
2025-01-28T18:06:06.063+02:00  INFO 29448 --- [taskmanager] [           main] .b.t.c.SpringBootTestContextBootstrapper : Found @SpringBootConfiguration com.catalina.taskmanager.TaskmanagerApplication for test class com.catalina.taskmanager.SettingsControllerIntegrationTest
Hibernate: select ue1_0.id,ue1_0.background_color,ue1_0.code_expiration,ue1_0.email,ue1_0.enable_delete_after_check,ue1_0.enable_notifications,ue1_0.enable_time_priority,ue1_0.first_auth,ue1_0.password,ue1_0.username,ue1_0.verification_code,ue1_0.verified from user_entity ue1_0
Hibernate: select r1_0.user_entity_id,r1_0.roles from user_entity_roles r1_0 where r1_0.user_entity_id=?
Hibernate: select t1_0.user_id,t1_0.id,t1_0.category,t1_0.completed,t1_0.created_at,t1_0.deadline,t1_0.description,t1_0.notified,t1_0.time_left,t1_0.title from task t1_0 where t1_0.user_id=?
Hibernate: delete from user_entity_roles where user_entity_id=?
Hibernate: delete from user_entity where id=?
Hibernate: insert into user_entity (background_color,code_expiration,email,enable_delete_after_check,enable_notifications,enable_time_priority,first_auth,password,username,verification_code,verified,id) values (?,?,?,?,?,?,?,?,?,?,?,default)
Hibernate: insert into user_entity_roles (user_entity_id,roles) values (?,?)
2025-01-28T18:06:06.174+02:00 DEBUG 29448 --- [taskmanager] [           main] s.w.s.m.m.a.RequestMappingHandlerMapping : Mapped to com.catalina.taskmanager.controllers.SettingsController#disableTimePriority(Principal, RedirectAttributes)
Hibernate: select ue1_0.id,ue1_0.background_color,ue1_0.code_expiration,ue1_0.email,ue1_0.enable_delete_after_check,ue1_0.enable_notifications,ue1_0.enable_time_priority,ue1_0.first_auth,ue1_0.password,ue1_0.username,ue1_0.verification_code,ue1_0.verified from user_entity ue1_0 where ue1_0.username=?
Hibernate: select r1_0.user_entity_id,r1_0.roles from user_entity_roles r1_0 where r1_0.user_entity_id=?
Hibernate: update user_entity set background_color=?,code_expiration=?,email=?,enable_delete_after_check=?,enable_notifications=?,enable_time_priority=?,first_auth=?,password=?,username=?,verification_code=?,verified=? where id=?
2025-01-28T18:06:06.190+02:00 DEBUG 29448 --- [taskmanager] [           main] o.s.web.servlet.view.RedirectView        : View name [redirect:], model {}
Hibernate: select ue1_0.id,ue1_0.background_color,ue1_0.code_expiration,ue1_0.email,ue1_0.enable_delete_after_check,ue1_0.enable_notifications,ue1_0.enable_time_priority,ue1_0.first_auth,ue1_0.password,ue1_0.username,ue1_0.verification_code,ue1_0.verified from user_entity ue1_0
Hibernate: select r1_0.user_entity_id,r1_0.roles from user_entity_roles r1_0 where r1_0.user_entity_id=?
2025-01-28T18:06:06.196+02:00 DEBUG 29448 --- [taskmanager] [           main] s.w.s.m.m.a.RequestMappingHandlerMapping : Mapped to com.catalina.taskmanager.controllers.SettingsController#enableTimePriority(Principal, RedirectAttributes)
Hibernate: select ue1_0.id,ue1_0.background_color,ue1_0.code_expiration,ue1_0.email,ue1_0.enable_delete_after_check,ue1_0.enable_notifications,ue1_0.enable_time_priority,ue1_0.first_auth,ue1_0.password,ue1_0.username,ue1_0.verification_code,ue1_0.verified from user_entity ue1_0 where ue1_0.username=?
Hibernate: select r1_0.user_entity_id,r1_0.roles from user_entity_roles r1_0 where r1_0.user_entity_id=?
Hibernate: update user_entity set background_color=?,code_expiration=?,email=?,enable_delete_after_check=?,enable_notifications=?,enable_time_priority=?,first_auth=?,password=?,username=?,verification_code=?,verified=? where id=?
2025-01-28T18:06:06.202+02:00 DEBUG 29448 --- [taskmanager] [           main] o.s.web.servlet.view.RedirectView        : View name [redirect:], model {}
Hibernate: select ue1_0.id,ue1_0.background_color,ue1_0.code_expiration,ue1_0.email,ue1_0.enable_delete_after_check,ue1_0.enable_notifications,ue1_0.enable_time_priority,ue1_0.first_auth,ue1_0.password,ue1_0.username,ue1_0.verification_code,ue1_0.verified from user_entity ue1_0
Hibernate: select r1_0.user_entity_id,r1_0.roles from user_entity_roles r1_0 where r1_0.user_entity_id=?
]]></system-out>
  </testcase>
  <testcase name="showSettingsTest" classname="com.catalina.taskmanager.SettingsControllerIntegrationTest" time="0.13">
    <system-out><![CDATA[Hibernate: select ue1_0.id,ue1_0.background_color,ue1_0.code_expiration,ue1_0.email,ue1_0.enable_delete_after_check,ue1_0.enable_notifications,ue1_0.enable_time_priority,ue1_0.first_auth,ue1_0.password,ue1_0.username,ue1_0.verification_code,ue1_0.verified from user_entity ue1_0
Hibernate: select r1_0.user_entity_id,r1_0.roles from user_entity_roles r1_0 where r1_0.user_entity_id=?
Hibernate: select t1_0.user_id,t1_0.id,t1_0.category,t1_0.completed,t1_0.created_at,t1_0.deadline,t1_0.description,t1_0.notified,t1_0.time_left,t1_0.title from task t1_0 where t1_0.user_id=?
Hibernate: delete from user_entity_roles where user_entity_id=?
Hibernate: delete from user_entity where id=?
Hibernate: insert into user_entity (background_color,code_expiration,email,enable_delete_after_check,enable_notifications,enable_time_priority,first_auth,password,username,verification_code,verified,id) values (?,?,?,?,?,?,?,?,?,?,?,default)
Hibernate: insert into user_entity_roles (user_entity_id,roles) values (?,?)
2025-01-28T18:06:06.318+02:00 DEBUG 29448 --- [taskmanager] [           main] s.w.s.m.m.a.RequestMappingHandlerMapping : Mapped to com.catalina.taskmanager.controllers.SettingsController#showSettings(Principal, Model)
Hibernate: select ue1_0.id,ue1_0.background_color,ue1_0.code_expiration,ue1_0.email,ue1_0.enable_delete_after_check,ue1_0.enable_notifications,ue1_0.enable_time_priority,ue1_0.first_auth,ue1_0.password,ue1_0.username,ue1_0.verification_code,ue1_0.verified from user_entity ue1_0 where ue1_0.username=?
Hibernate: select r1_0.user_entity_id,r1_0.roles from user_entity_roles r1_0 where r1_0.user_entity_id=?
Hibernate: select ue1_0.id,ue1_0.background_color,ue1_0.code_expiration,ue1_0.email,ue1_0.enable_delete_after_check,ue1_0.enable_notifications,ue1_0.enable_time_priority,ue1_0.first_auth,ue1_0.password,ue1_0.username,ue1_0.verification_code,ue1_0.verified from user_entity ue1_0 where ue1_0.username=?
2025-01-28T18:06:06.325+02:00 DEBUG 29448 --- [taskmanager] [           main] o.s.w.s.v.ContentNegotiatingViewResolver : Selected '*/*' given [*/*]
]]></system-out>
  </testcase>
  <testcase name="enableTimePriorityTest" classname="com.catalina.taskmanager.SettingsControllerIntegrationTest" time="0.119">
    <system-out><![CDATA[Hibernate: select ue1_0.id,ue1_0.background_color,ue1_0.code_expiration,ue1_0.email,ue1_0.enable_delete_after_check,ue1_0.enable_notifications,ue1_0.enable_time_priority,ue1_0.first_auth,ue1_0.password,ue1_0.username,ue1_0.verification_code,ue1_0.verified from user_entity ue1_0
Hibernate: select r1_0.user_entity_id,r1_0.roles from user_entity_roles r1_0 where r1_0.user_entity_id=?
Hibernate: select t1_0.user_id,t1_0.id,t1_0.category,t1_0.completed,t1_0.created_at,t1_0.deadline,t1_0.description,t1_0.notified,t1_0.time_left,t1_0.title from task t1_0 where t1_0.user_id=?
Hibernate: delete from user_entity_roles where user_entity_id=?
Hibernate: delete from user_entity where id=?
Hibernate: insert into user_entity (background_color,code_expiration,email,enable_delete_after_check,enable_notifications,enable_time_priority,first_auth,password,username,verification_code,verified,id) values (?,?,?,?,?,?,?,?,?,?,?,default)
Hibernate: insert into user_entity_roles (user_entity_id,roles) values (?,?)
2025-01-28T18:06:06.452+02:00 DEBUG 29448 --- [taskmanager] [           main] s.w.s.m.m.a.RequestMappingHandlerMapping : Mapped to com.catalina.taskmanager.controllers.SettingsController#enableTimePriority(Principal, RedirectAttributes)
Hibernate: select ue1_0.id,ue1_0.background_color,ue1_0.code_expiration,ue1_0.email,ue1_0.enable_delete_after_check,ue1_0.enable_notifications,ue1_0.enable_time_priority,ue1_0.first_auth,ue1_0.password,ue1_0.username,ue1_0.verification_code,ue1_0.verified from user_entity ue1_0 where ue1_0.username=?
Hibernate: select r1_0.user_entity_id,r1_0.roles from user_entity_roles r1_0 where r1_0.user_entity_id=?
2025-01-28T18:06:06.457+02:00 DEBUG 29448 --- [taskmanager] [           main] o.s.web.servlet.view.RedirectView        : View name [redirect:], model {}
Hibernate: select ue1_0.id,ue1_0.background_color,ue1_0.code_expiration,ue1_0.email,ue1_0.enable_delete_after_check,ue1_0.enable_notifications,ue1_0.enable_time_priority,ue1_0.first_auth,ue1_0.password,ue1_0.username,ue1_0.verification_code,ue1_0.verified from user_entity ue1_0
Hibernate: select r1_0.user_entity_id,r1_0.roles from user_entity_roles r1_0 where r1_0.user_entity_id=?
]]></system-out>
  </testcase>
  <testcase name="changeBackgroundColorTest" classname="com.catalina.taskmanager.SettingsControllerIntegrationTest" time="0.115">
    <system-out><![CDATA[Hibernate: select ue1_0.id,ue1_0.background_color,ue1_0.code_expiration,ue1_0.email,ue1_0.enable_delete_after_check,ue1_0.enable_notifications,ue1_0.enable_time_priority,ue1_0.first_auth,ue1_0.password,ue1_0.username,ue1_0.verification_code,ue1_0.verified from user_entity ue1_0
Hibernate: select r1_0.user_entity_id,r1_0.roles from user_entity_roles r1_0 where r1_0.user_entity_id=?
Hibernate: select t1_0.user_id,t1_0.id,t1_0.category,t1_0.completed,t1_0.created_at,t1_0.deadline,t1_0.description,t1_0.notified,t1_0.time_left,t1_0.title from task t1_0 where t1_0.user_id=?
Hibernate: delete from user_entity_roles where user_entity_id=?
Hibernate: delete from user_entity where id=?
Hibernate: insert into user_entity (background_color,code_expiration,email,enable_delete_after_check,enable_notifications,enable_time_priority,first_auth,password,username,verification_code,verified,id) values (?,?,?,?,?,?,?,?,?,?,?,default)
Hibernate: insert into user_entity_roles (user_entity_id,roles) values (?,?)
2025-01-28T18:06:06.564+02:00 DEBUG 29448 --- [taskmanager] [           main] s.w.s.m.m.a.RequestMappingHandlerMapping : Mapped to com.catalina.taskmanager.controllers.SettingsController#changeBackgroundColor(String, Principal, RedirectAttributes)
Hibernate: select ue1_0.id,ue1_0.background_color,ue1_0.code_expiration,ue1_0.email,ue1_0.enable_delete_after_check,ue1_0.enable_notifications,ue1_0.enable_time_priority,ue1_0.first_auth,ue1_0.password,ue1_0.username,ue1_0.verification_code,ue1_0.verified from user_entity ue1_0 where ue1_0.username=?
Hibernate: select r1_0.user_entity_id,r1_0.roles from user_entity_roles r1_0 where r1_0.user_entity_id=?
Hibernate: update user_entity set background_color=?,code_expiration=?,email=?,enable_delete_after_check=?,enable_notifications=?,enable_time_priority=?,first_auth=?,password=?,username=?,verification_code=?,verified=? where id=?
2025-01-28T18:06:06.574+02:00 DEBUG 29448 --- [taskmanager] [           main] o.s.web.servlet.view.RedirectView        : View name [redirect:], model {}
Hibernate: select ue1_0.id,ue1_0.background_color,ue1_0.code_expiration,ue1_0.email,ue1_0.enable_delete_after_check,ue1_0.enable_notifications,ue1_0.enable_time_priority,ue1_0.first_auth,ue1_0.password,ue1_0.username,ue1_0.verification_code,ue1_0.verified from user_entity ue1_0
Hibernate: select r1_0.user_entity_id,r1_0.roles from user_entity_roles r1_0 where r1_0.user_entity_id=?
]]></system-out>
  </testcase>
  <testcase name="changePasswordTest" classname="com.catalina.taskmanager.SettingsControllerIntegrationTest" time="0.287">
    <system-out><![CDATA[Hibernate: select ue1_0.id,ue1_0.background_color,ue1_0.code_expiration,ue1_0.email,ue1_0.enable_delete_after_check,ue1_0.enable_notifications,ue1_0.enable_time_priority,ue1_0.first_auth,ue1_0.password,ue1_0.username,ue1_0.verification_code,ue1_0.verified from user_entity ue1_0
Hibernate: select r1_0.user_entity_id,r1_0.roles from user_entity_roles r1_0 where r1_0.user_entity_id=?
Hibernate: select t1_0.user_id,t1_0.id,t1_0.category,t1_0.completed,t1_0.created_at,t1_0.deadline,t1_0.description,t1_0.notified,t1_0.time_left,t1_0.title from task t1_0 where t1_0.user_id=?
Hibernate: delete from user_entity_roles where user_entity_id=?
Hibernate: delete from user_entity where id=?
Hibernate: insert into user_entity (background_color,code_expiration,email,enable_delete_after_check,enable_notifications,enable_time_priority,first_auth,password,username,verification_code,verified,id) values (?,?,?,?,?,?,?,?,?,?,?,default)
Hibernate: insert into user_entity_roles (user_entity_id,roles) values (?,?)
2025-01-28T18:06:06.684+02:00 DEBUG 29448 --- [taskmanager] [           main] s.w.s.m.m.a.RequestMappingHandlerMapping : Mapped to com.catalina.taskmanager.controllers.SettingsController#changePassword(Principal, ChangePasswordRequest, RedirectAttributes)
Hibernate: select ue1_0.id,ue1_0.background_color,ue1_0.code_expiration,ue1_0.email,ue1_0.enable_delete_after_check,ue1_0.enable_notifications,ue1_0.enable_time_priority,ue1_0.first_auth,ue1_0.password,ue1_0.username,ue1_0.verification_code,ue1_0.verified from user_entity ue1_0 where ue1_0.username=?
Hibernate: select r1_0.user_entity_id,r1_0.roles from user_entity_roles r1_0 where r1_0.user_entity_id=?
Hibernate: update user_entity set background_color=?,code_expiration=?,email=?,enable_delete_after_check=?,enable_notifications=?,enable_time_priority=?,first_auth=?,password=?,username=?,verification_code=?,verified=? where id=?
2025-01-28T18:06:06.865+02:00 DEBUG 29448 --- [taskmanager] [           main] o.s.web.servlet.view.RedirectView        : View name [redirect:], model {}
]]></system-out>
  </testcase>
  <testcase name="enableAndDisableDeleteAfterCheckTest" classname="com.catalina.taskmanager.SettingsControllerIntegrationTest" time="0.12">
    <system-out><![CDATA[Hibernate: select ue1_0.id,ue1_0.background_color,ue1_0.code_expiration,ue1_0.email,ue1_0.enable_delete_after_check,ue1_0.enable_notifications,ue1_0.enable_time_priority,ue1_0.first_auth,ue1_0.password,ue1_0.username,ue1_0.verification_code,ue1_0.verified from user_entity ue1_0
Hibernate: select r1_0.user_entity_id,r1_0.roles from user_entity_roles r1_0 where r1_0.user_entity_id=?
Hibernate: select t1_0.user_id,t1_0.id,t1_0.category,t1_0.completed,t1_0.created_at,t1_0.deadline,t1_0.description,t1_0.notified,t1_0.time_left,t1_0.title from task t1_0 where t1_0.user_id=?
Hibernate: delete from user_entity_roles where user_entity_id=?
Hibernate: delete from user_entity where id=?
Hibernate: insert into user_entity (background_color,code_expiration,email,enable_delete_after_check,enable_notifications,enable_time_priority,first_auth,password,username,verification_code,verified,id) values (?,?,?,?,?,?,?,?,?,?,?,default)
Hibernate: insert into user_entity_roles (user_entity_id,roles) values (?,?)
2025-01-28T18:06:06.973+02:00 DEBUG 29448 --- [taskmanager] [           main] s.w.s.m.m.a.RequestMappingHandlerMapping : Mapped to com.catalina.taskmanager.controllers.SettingsController#enableDeleteAfterCheck(Principal, RedirectAttributes)
Hibernate: select ue1_0.id,ue1_0.background_color,ue1_0.code_expiration,ue1_0.email,ue1_0.enable_delete_after_check,ue1_0.enable_notifications,ue1_0.enable_time_priority,ue1_0.first_auth,ue1_0.password,ue1_0.username,ue1_0.verification_code,ue1_0.verified from user_entity ue1_0 where ue1_0.username=?
Hibernate: select r1_0.user_entity_id,r1_0.roles from user_entity_roles r1_0 where r1_0.user_entity_id=?
Hibernate: update user_entity set background_color=?,code_expiration=?,email=?,enable_delete_after_check=?,enable_notifications=?,enable_time_priority=?,first_auth=?,password=?,username=?,verification_code=?,verified=? where id=?
2025-01-28T18:06:06.978+02:00 DEBUG 29448 --- [taskmanager] [           main] o.s.web.servlet.view.RedirectView        : View name [redirect:], model {}
Hibernate: select ue1_0.id,ue1_0.background_color,ue1_0.code_expiration,ue1_0.email,ue1_0.enable_delete_after_check,ue1_0.enable_notifications,ue1_0.enable_time_priority,ue1_0.first_auth,ue1_0.password,ue1_0.username,ue1_0.verification_code,ue1_0.verified from user_entity ue1_0
Hibernate: select r1_0.user_entity_id,r1_0.roles from user_entity_roles r1_0 where r1_0.user_entity_id=?
2025-01-28T18:06:06.983+02:00 DEBUG 29448 --- [taskmanager] [           main] s.w.s.m.m.a.RequestMappingHandlerMapping : Mapped to com.catalina.taskmanager.controllers.SettingsController#disableDeleteAfterCheck(Principal, RedirectAttributes)
Hibernate: select ue1_0.id,ue1_0.background_color,ue1_0.code_expiration,ue1_0.email,ue1_0.enable_delete_after_check,ue1_0.enable_notifications,ue1_0.enable_time_priority,ue1_0.first_auth,ue1_0.password,ue1_0.username,ue1_0.verification_code,ue1_0.verified from user_entity ue1_0 where ue1_0.username=?
Hibernate: select r1_0.user_entity_id,r1_0.roles from user_entity_roles r1_0 where r1_0.user_entity_id=?
Hibernate: update user_entity set background_color=?,code_expiration=?,email=?,enable_delete_after_check=?,enable_notifications=?,enable_time_priority=?,first_auth=?,password=?,username=?,verification_code=?,verified=? where id=?
2025-01-28T18:06:06.988+02:00 DEBUG 29448 --- [taskmanager] [           main] o.s.web.servlet.view.RedirectView        : View name [redirect:], model {}
Hibernate: select ue1_0.id,ue1_0.background_color,ue1_0.code_expiration,ue1_0.email,ue1_0.enable_delete_after_check,ue1_0.enable_notifications,ue1_0.enable_time_priority,ue1_0.first_auth,ue1_0.password,ue1_0.username,ue1_0.verification_code,ue1_0.verified from user_entity ue1_0
Hibernate: select r1_0.user_entity_id,r1_0.roles from user_entity_roles r1_0 where r1_0.user_entity_id=?
]]></system-out>
  </testcase>
  <testcase name="turnOnNotifTest" classname="com.catalina.taskmanager.SettingsControllerIntegrationTest" time="0.111">
    <system-out><![CDATA[Hibernate: select ue1_0.id,ue1_0.background_color,ue1_0.code_expiration,ue1_0.email,ue1_0.enable_delete_after_check,ue1_0.enable_notifications,ue1_0.enable_time_priority,ue1_0.first_auth,ue1_0.password,ue1_0.username,ue1_0.verification_code,ue1_0.verified from user_entity ue1_0
Hibernate: select r1_0.user_entity_id,r1_0.roles from user_entity_roles r1_0 where r1_0.user_entity_id=?
Hibernate: select t1_0.user_id,t1_0.id,t1_0.category,t1_0.completed,t1_0.created_at,t1_0.deadline,t1_0.description,t1_0.notified,t1_0.time_left,t1_0.title from task t1_0 where t1_0.user_id=?
Hibernate: delete from user_entity_roles where user_entity_id=?
Hibernate: delete from user_entity where id=?
Hibernate: insert into user_entity (background_color,code_expiration,email,enable_delete_after_check,enable_notifications,enable_time_priority,first_auth,password,username,verification_code,verified,id) values (?,?,?,?,?,?,?,?,?,?,?,default)
Hibernate: insert into user_entity_roles (user_entity_id,roles) values (?,?)
2025-01-28T18:06:07.093+02:00 DEBUG 29448 --- [taskmanager] [           main] s.w.s.m.m.a.RequestMappingHandlerMapping : Mapped to com.catalina.taskmanager.controllers.SettingsController#turnOnNotif(Principal, RedirectAttributes)
Hibernate: select ue1_0.id,ue1_0.background_color,ue1_0.code_expiration,ue1_0.email,ue1_0.enable_delete_after_check,ue1_0.enable_notifications,ue1_0.enable_time_priority,ue1_0.first_auth,ue1_0.password,ue1_0.username,ue1_0.verification_code,ue1_0.verified from user_entity ue1_0 where ue1_0.username=?
Hibernate: select r1_0.user_entity_id,r1_0.roles from user_entity_roles r1_0 where r1_0.user_entity_id=?
2025-01-28T18:06:07.098+02:00 DEBUG 29448 --- [taskmanager] [           main] o.s.web.servlet.view.RedirectView        : View name [redirect:], model {}
Hibernate: select ue1_0.id,ue1_0.background_color,ue1_0.code_expiration,ue1_0.email,ue1_0.enable_delete_after_check,ue1_0.enable_notifications,ue1_0.enable_time_priority,ue1_0.first_auth,ue1_0.password,ue1_0.username,ue1_0.verification_code,ue1_0.verified from user_entity ue1_0
Hibernate: select r1_0.user_entity_id,r1_0.roles from user_entity_roles r1_0 where r1_0.user_entity_id=?
]]></system-out>
  </testcase>
  <testcase name="turnOffNotifTest" classname="com.catalina.taskmanager.SettingsControllerIntegrationTest" time="0.106">
    <system-out><![CDATA[Hibernate: select ue1_0.id,ue1_0.background_color,ue1_0.code_expiration,ue1_0.email,ue1_0.enable_delete_after_check,ue1_0.enable_notifications,ue1_0.enable_time_priority,ue1_0.first_auth,ue1_0.password,ue1_0.username,ue1_0.verification_code,ue1_0.verified from user_entity ue1_0
Hibernate: select r1_0.user_entity_id,r1_0.roles from user_entity_roles r1_0 where r1_0.user_entity_id=?
Hibernate: select t1_0.user_id,t1_0.id,t1_0.category,t1_0.completed,t1_0.created_at,t1_0.deadline,t1_0.description,t1_0.notified,t1_0.time_left,t1_0.title from task t1_0 where t1_0.user_id=?
Hibernate: delete from user_entity_roles where user_entity_id=?
Hibernate: delete from user_entity where id=?
Hibernate: insert into user_entity (background_color,code_expiration,email,enable_delete_after_check,enable_notifications,enable_time_priority,first_auth,password,username,verification_code,verified,id) values (?,?,?,?,?,?,?,?,?,?,?,default)
Hibernate: insert into user_entity_roles (user_entity_id,roles) values (?,?)
2025-01-28T18:06:07.202+02:00 DEBUG 29448 --- [taskmanager] [           main] s.w.s.m.m.a.RequestMappingHandlerMapping : Mapped to com.catalina.taskmanager.controllers.SettingsController#turnOffNotif(Principal, RedirectAttributes)
Hibernate: select ue1_0.id,ue1_0.background_color,ue1_0.code_expiration,ue1_0.email,ue1_0.enable_delete_after_check,ue1_0.enable_notifications,ue1_0.enable_time_priority,ue1_0.first_auth,ue1_0.password,ue1_0.username,ue1_0.verification_code,ue1_0.verified from user_entity ue1_0 where ue1_0.username=?
Hibernate: select r1_0.user_entity_id,r1_0.roles from user_entity_roles r1_0 where r1_0.user_entity_id=?
Hibernate: update user_entity set background_color=?,code_expiration=?,email=?,enable_delete_after_check=?,enable_notifications=?,enable_time_priority=?,first_auth=?,password=?,username=?,verification_code=?,verified=? where id=?
2025-01-28T18:06:07.206+02:00 DEBUG 29448 --- [taskmanager] [           main] o.s.web.servlet.view.RedirectView        : View name [redirect:], model {}
Hibernate: select ue1_0.id,ue1_0.background_color,ue1_0.code_expiration,ue1_0.email,ue1_0.enable_delete_after_check,ue1_0.enable_notifications,ue1_0.enable_time_priority,ue1_0.first_auth,ue1_0.password,ue1_0.username,ue1_0.verification_code,ue1_0.verified from user_entity ue1_0
Hibernate: select r1_0.user_entity_id,r1_0.roles from user_entity_roles r1_0 where r1_0.user_entity_id=?
]]></system-out>
  </testcase>
</testsuite>